strongswan/build/intermediates/manifest_merge_blame_file/release/manifest-merger-blame-release-report.txt
1<?xml version="1.0" encoding="utf-8"?>
2<!--
3    Copyright (C) 2012-2020 Tobias Brunner
4    Copyright (C) 2012 Giuliano Grassi
5    Copyright (C) 2012 Ralf Sager
6    HSR Hochschule fuer Technik Rapperswil
7
8    This program is free software; you can redistribute it and/or modify it
9    under the terms of the GNU General Public License as published by the
10    Free Software Foundation; either version 2 of the License, or (at your
11    option) any later version.  See <http://www.fsf.org/copyleft/gpl.txt>.
12
13    This program is distributed in the hope that it will be useful, but
14    WITHOUT ANY WARRANTY; without even the implied warranty of MERCHANTABILITY
15    or FITNESS FOR A PARTICULAR PURPOSE.  See the GNU General Public License
16    for more details.
17-->
18<manifest xmlns:android="http://schemas.android.com/apk/res/android"
19    xmlns:tools="http://schemas.android.com/tools"
20    package="org.strongswan.android"
21    android:versionCode="72"
22    android:versionName="2.3.0" >
23
24    <uses-sdk
25        android:minSdkVersion="15"
25-->src/main/AndroidManifest.xml
26        android:targetSdkVersion="28" />
26-->src/main/AndroidManifest.xml
27
28    <uses-permission android:name="android.permission.INTERNET" />
28-->src/main/AndroidManifest.xml:22:5-67
28-->src/main/AndroidManifest.xml:22:22-64
29    <uses-permission android:name="android.permission.ACCESS_NETWORK_STATE" />
29-->src/main/AndroidManifest.xml:23:5-79
29-->src/main/AndroidManifest.xml:23:22-76
30    <uses-permission android:name="android.permission.FOREGROUND_SERVICE" />
30-->src/main/AndroidManifest.xml:24:5-77
30-->src/main/AndroidManifest.xml:24:22-74
31    <uses-permission android:name="android.permission.READ_EXTERNAL_STORAGE" />
31-->src/main/AndroidManifest.xml:25:5-80
31-->src/main/AndroidManifest.xml:25:22-77
32    <uses-permission android:name="android.permission.REQUEST_IGNORE_BATTERY_OPTIMIZATIONS" />
32-->src/main/AndroidManifest.xml:26:5-95
32-->src/main/AndroidManifest.xml:26:22-92
33
34    <application
34-->src/main/AndroidManifest.xml:28:5-110:19
35        android:name="org.strongswan.android.logic.StrongSwanApplication"
35-->src/main/AndroidManifest.xml:29:9-52
36        android:allowBackup="false"
36-->src/main/AndroidManifest.xml:33:9-36
37        android:icon="@mipmap/ic_launcher"
37-->src/main/AndroidManifest.xml:30:9-43
38        android:label="@string/app_name"
38-->src/main/AndroidManifest.xml:31:9-41
39        android:networkSecurityConfig="@xml/network_security_config" >
39-->src/main/AndroidManifest.xml:32:9-69
40        <activity
40-->src/main/AndroidManifest.xml:34:9-41:20
41            android:name="org.strongswan.android.ui.MainActivity"
41-->src/main/AndroidManifest.xml:35:13-44
42            android:label="@string/main_activity_name"
42-->src/main/AndroidManifest.xml:36:13-55
43            android:launchMode="singleTop" >
43-->src/main/AndroidManifest.xml:37:13-43
44            <intent-filter>
44-->src/main/AndroidManifest.xml:38:13-40:29
45                <action android:name="android.intent.action.MAIN" />
45-->src/main/AndroidManifest.xml:39:17-69
45-->src/main/AndroidManifest.xml:39:25-66
46            </intent-filter>
47        </activity>
48        <activity
48-->src/main/AndroidManifest.xml:42:9-56:20
49            android:name="org.strongswan.android.ui.VpnProfileControlActivity"
49-->src/main/AndroidManifest.xml:43:13-57
50            android:excludeFromRecents="true"
50-->src/main/AndroidManifest.xml:46:13-46
51            android:launchMode="singleTask"
51-->src/main/AndroidManifest.xml:47:13-44
52            android:taskAffinity=""
52-->src/main/AndroidManifest.xml:45:13-36
53            android:theme="@style/TransparentActivity" >
53-->src/main/AndroidManifest.xml:44:13-55
54            <intent-filter>
54-->src/main/AndroidManifest.xml:48:13-51:29
55                <action android:name="org.strongswan.android.action.START_PROFILE" />
55-->src/main/AndroidManifest.xml:49:17-86
55-->src/main/AndroidManifest.xml:49:25-83
56
57                <category android:name="android.intent.category.DEFAULT" />
57-->src/main/AndroidManifest.xml:50:17-76
57-->src/main/AndroidManifest.xml:50:27-73
58            </intent-filter>
59            <intent-filter>
59-->src/main/AndroidManifest.xml:52:13-55:29
60                <action android:name="org.strongswan.android.action.DISCONNECT" />
60-->src/main/AndroidManifest.xml:53:17-83
60-->src/main/AndroidManifest.xml:53:25-80
61
62                <category android:name="android.intent.category.DEFAULT" />
62-->src/main/AndroidManifest.xml:50:17-76
62-->src/main/AndroidManifest.xml:50:27-73
63            </intent-filter>
64        </activity>
65        <activity android:name="org.strongswan.android.ui.VpnProfileDetailActivity" >
65-->src/main/AndroidManifest.xml:57:9-59:20
65-->src/main/AndroidManifest.xml:58:13-56
66        </activity>
67        <activity
67-->src/main/AndroidManifest.xml:60:9-63:20
68            android:name="org.strongswan.android.ui.TrustedCertificatesActivity"
68-->src/main/AndroidManifest.xml:61:13-59
69            android:label="@string/trusted_certs_title" >
69-->src/main/AndroidManifest.xml:62:13-56
70        </activity>
71        <activity
71-->src/main/AndroidManifest.xml:64:9-67:20
72            android:name="org.strongswan.android.ui.SelectedApplicationsActivity"
72-->src/main/AndroidManifest.xml:65:13-60
73            android:label="@string/profile_select_apps" >
73-->src/main/AndroidManifest.xml:66:13-56
74        </activity>
75        <activity
75-->src/main/AndroidManifest.xml:68:9-71:20
76            android:name="org.strongswan.android.ui.LogActivity"
76-->src/main/AndroidManifest.xml:69:13-43
77            android:label="@string/log_title" >
77-->src/main/AndroidManifest.xml:70:13-46
78        </activity>
79        <activity
79-->src/main/AndroidManifest.xml:72:3-75:20
80            android:name="org.strongswan.android.ui.SettingsActivity"
80-->src/main/AndroidManifest.xml:73:13-48
81            android:label="@string/pref_title" >
81-->src/main/AndroidManifest.xml:74:13-47
82        </activity>
83        <activity
83-->src/main/AndroidManifest.xml:76:9-79:20
84            android:name="org.strongswan.android.ui.RemediationInstructionsActivity"
84-->src/main/AndroidManifest.xml:77:13-63
85            android:label="@string/remediation_instructions_title" >
85-->src/main/AndroidManifest.xml:78:13-67
86        </activity>
87        <activity
87-->src/main/AndroidManifest.xml:80:9-88:20
88            android:name="org.strongswan.android.ui.VpnProfileSelectActivity"
88-->src/main/AndroidManifest.xml:81:13-56
89            android:icon="@mipmap/ic_shortcut"
89-->src/main/AndroidManifest.xml:83:13-47
90            android:label="@string/strongswan_shortcut" >
90-->src/main/AndroidManifest.xml:82:13-56
91            <intent-filter>
91-->src/main/AndroidManifest.xml:84:13-87:29
92                <action android:name="android.intent.action.CREATE_SHORTCUT" />
92-->src/main/AndroidManifest.xml:85:17-80
92-->src/main/AndroidManifest.xml:85:25-77
93
94                <category android:name="android.intent.category.DEFAULT" />
94-->src/main/AndroidManifest.xml:50:17-76
94-->src/main/AndroidManifest.xml:50:27-73
95            </intent-filter>
96        </activity>
97
98        <service
98-->src/main/AndroidManifest.xml:89:9-92:19
99            android:name="org.strongswan.android.logic.VpnStateService"
99-->src/main/AndroidManifest.xml:90:13-50
100            android:exported="false" >
100-->src/main/AndroidManifest.xml:91:13-37
101        </service>
102        <service
102-->src/main/AndroidManifest.xml:93:9-100:19
103            android:name="org.strongswan.android.logic.CharonVpnService"
103-->src/main/AndroidManifest.xml:94:13-51
104            android:exported="false"
104-->src/main/AndroidManifest.xml:95:13-37
105            android:permission="android.permission.BIND_VPN_SERVICE" >
105-->src/main/AndroidManifest.xml:96:13-69
106            <intent-filter>
106-->src/main/AndroidManifest.xml:97:13-99:29
107                <action android:name="android.net.VpnService" />
107-->src/main/AndroidManifest.xml:98:17-65
107-->src/main/AndroidManifest.xml:98:25-62
108            </intent-filter>
109        </service>
110
111        <provider
111-->src/main/AndroidManifest.xml:102:9-109:20
112            android:name="org.strongswan.android.data.LogContentProvider"
112-->src/main/AndroidManifest.xml:103:13-52
113            android:authorities="br.com.spod.spodwebfilter.org.strongswan.android.content.log"
113-->src/main/AndroidManifest.xml:104:13-95
114            android:exported="true" >
114-->src/main/AndroidManifest.xml:105:13-36
115
116            <!--
117                 android:grantUriPermissions="true" combined with a custom permission does
118                 not work (probably too many indirections with ACTION_SEND) so we secure
119                 this provider with a custom ticketing system
120            -->
121        </provider>
122    </application>
123
124</manifest>